Info: Nothing to build for TP_[1]
Info: Nothing to build for TP_[1]
21:22:21 **** Incremental Build of configuration Debug for project TP_[1] ****
Info: Internal Builder is used for build
gcc -O0 -g3 -Wall -c -fmessage-length=0 -o "src\\funciones.o" "..\\src\\funciones.c" 
gcc -O0 -g3 -Wall -c -fmessage-length=0 -o "src\\TP_[1].o" "..\\src\\TP_[1].c" 
gcc -o TP_[1].exe "src\\TP_[1].o" "src\\funciones.o" "src\\menu.o" 
Info: Nothing to build for TP_[1]
Info: Nothing to build for TP_[1]
21:23:59 **** Incremental Build of configuration Debug for project TP_[1] ****
Info: Internal Builder is used for build
gcc -O0 -g3 -Wall -c -fmessage-length=0 -o "src\\TP_[1].o" "..\\src\\TP_[1].c" 
gcc -o TP_[1].exe "src\\TP_[1].o" "src\\funciones.o" "src\\menu.o" 
c:/mingw/bin/../lib/gcc/mingw32/6.3.0/../../../../mingw32/bin/ld.exe: cannot open output file TP_[1].exe: Permission denied
collect2.exe: error: ld returned 1 exit status
21:24:07 **** Incremental Build of configuration Debug for project TP_[1] ****
Info: Internal Builder is used for build
gcc -o TP_[1].exe "src\\TP_[1].o" "src\\funciones.o" "src\\menu.o" 
Info: Nothing to build for TP_[1]
21:25:21 **** Incremental Build of configuration Debug for project TP_[1] ****
Info: Internal Builder is used for build
gcc -O0 -g3 -Wall -c -fmessage-length=0 -o "src\\TP_[1].o" "..\\src\\TP_[1].c" 
gcc -o TP_[1].exe "src\\TP_[1].o" "src\\funciones.o" "src\\menu.o" 
c:/mingw/bin/../lib/gcc/mingw32/6.3.0/../../../../mingw32/bin/ld.exe: cannot open output file TP_[1].exe: Permission denied
collect2.exe: error: ld returned 1 exit status
21:25:26 **** Incremental Build of configuration Debug for project TP_[1] ****
Info: Internal Builder is used for build
gcc -o TP_[1].exe "src\\TP_[1].o" "src\\funciones.o" "src\\menu.o" 
Info: Nothing to build for TP_[1]
21:27:45 **** Incremental Build of configuration Debug for project TP_[1] ****
Info: Internal Builder is used for build
gcc -O0 -g3 -Wall -c -fmessage-length=0 -o "src\\TP_[1].o" "..\\src\\TP_[1].c" 
gcc -O0 -g3 -Wall -c -fmessage-length=0 -o "src\\funciones.o" "..\\src\\funciones.c" 
gcc -o TP_[1].exe "src\\TP_[1].o" "src\\funciones.o" "src\\menu.o" 
Info: Nothing to build for TP_[1]
21:29:10 **** Incremental Build of configuration Debug for project TP_[1] ****
Info: Internal Builder is used for build
gcc -O0 -g3 -Wall -c -fmessage-length=0 -o "src\\TP_[1].o" "..\\src\\TP_[1].c" 
gcc -o TP_[1].exe "src\\TP_[1].o" "src\\funciones.o" "src\\menu.o" 
Info: Nothing to build for TP_[1]
21:32:56 **** Incremental Build of configuration Debug for project TP_[1] ****
Info: Internal Builder is used for build
gcc -O0 -g3 -Wall -c -fmessage-length=0 -o "src\\funciones.o" "..\\src\\funciones.c" 
gcc -O0 -g3 -Wall -c -fmessage-length=0 -o "src\\TP_[1].o" "..\\src\\TP_[1].c" 
gcc -o TP_[1].exe "src\\TP_[1].o" "src\\funciones.o" "src\\menu.o" 
Info: Nothing to build for TP_[1]
21:34:22 **** Incremental Build of configuration Debug for project TP_[1] ****
Info: Internal Builder is used for build
gcc -O0 -g3 -Wall -c -fmessage-length=0 -o "src\\TP_[1].o" "..\\src\\TP_[1].c" 
gcc -O0 -g3 -Wall -c -fmessage-length=0 -o "src\\funciones.o" "..\\src\\funciones.c" 
gcc -o TP_[1].exe "src\\TP_[1].o" "src\\funciones.o" "src\\menu.o" 
Info: Nothing to build for TP_[1]
Info: Nothing to build for TP_[1]
Info: Nothing to build for TP_[1]
21:39:04 **** Incremental Build of configuration Debug for project TP_[1] ****
Info: Internal Builder is used for build
gcc -O0 -g3 -Wall -c -fmessage-length=0 -o "src\\funciones.o" "..\\src\\funciones.c" 
gcc -O0 -g3 -Wall -c -fmessage-length=0 -o "src\\TP_[1].o" "..\\src\\TP_[1].c" 
gcc -o TP_[1].exe "src\\TP_[1].o" "src\\funciones.o" "src\\menu.o" 
c:/mingw/bin/../lib/gcc/mingw32/6.3.0/../../../../mingw32/bin/ld.exe: cannot open output file TP_[1].exe: Permission denied
collect2.exe: error: ld returned 1 exit status
21:39:14 **** Incremental Build of configuration Debug for project TP_[1] ****
Info: Internal Builder is used for build
gcc -o TP_[1].exe "src\\TP_[1].o" "src\\funciones.o" "src\\menu.o" 
Info: Nothing to build for TP_[1]
21:40:58 **** Incremental Build of configuration Debug for project TP_[1] ****
Info: Internal Builder is used for build
gcc -O0 -g3 -Wall -c -fmessage-length=0 -o "src\\TP_[1].o" "..\\src\\TP_[1].c" 
gcc -O0 -g3 -Wall -c -fmessage-length=0 -o "src\\funciones.o" "..\\src\\funciones.c" 
..\src\funciones.c: In function 'PedirDatoYvalidar':
..\src\funciones.c:51:6: warning: variable 'seValido' set but not used [-Wunused-but-set-variable]
  int seValido=0;
      ^~~~~~~~
gcc -o TP_[1].exe "src\\TP_[1].o" "src\\funciones.o" "src\\menu.o" 
Info: Nothing to build for TP_[1]
21:42:18 **** Incremental Build of configuration Debug for project TP_[1] ****
Info: Internal Builder is used for build
gcc -O0 -g3 -Wall -c -fmessage-length=0 -o "src\\funciones.o" "..\\src\\funciones.c" 
gcc -o TP_[1].exe "src\\TP_[1].o" "src\\funciones.o" "src\\menu.o" 
Info: Nothing to build for TP_[1]
21:47:13 **** Incremental Build of configuration Debug for project TP_[1] ****
Info: Internal Builder is used for build
gcc -O0 -g3 -Wall -c -fmessage-length=0 -o "src\\funciones.o" "..\\src\\funciones.c" 
gcc -O0 -g3 -Wall -c -fmessage-length=0 -o "src\\TP_[1].o" "..\\src\\TP_[1].c" 
gcc -o TP_[1].exe "src\\TP_[1].o" "src\\funciones.o" "src\\menu.o" 
c:/mingw/bin/../lib/gcc/mingw32/6.3.0/../../../../mingw32/bin/ld.exe: cannot open output file TP_[1].exe: Permission denied
collect2.exe: error: ld returned 1 exit status
21:47:14 **** Incremental Build of configuration Debug for project TP_[1] ****
Info: Internal Builder is used for build
gcc -o TP_[1].exe "src\\TP_[1].o" "src\\funciones.o" "src\\menu.o" 
Info: Nothing to build for TP_[1]
Info: Nothing to build for TP_[1]
21:50:18 **** Incremental Build of configuration Debug for project TP_[1] ****
Info: Internal Builder is used for build
gcc -O0 -g3 -Wall -c -fmessage-length=0 -o "src\\TP_[1].o" "..\\src\\TP_[1].c" 
gcc -o TP_[1].exe "src\\TP_[1].o" "src\\funciones.o" "src\\menu.o" 
Info: Nothing to build for TP_[1]
21:52:03 **** Incremental Build of configuration Debug for project TP_[1] ****
Info: Internal Builder is used for build
gcc -O0 -g3 -Wall -c -fmessage-length=0 -o "src\\TP_[1].o" "..\\src\\TP_[1].c" 
gcc -o TP_[1].exe "src\\TP_[1].o" "src\\funciones.o" "src\\menu.o" 
Info: Nothing to build for TP_[1]
21:54:51 **** Incremental Build of configuration Debug for project TP_[1] ****
Info: Internal Builder is used for build
gcc -O0 -g3 -Wall -c -fmessage-length=0 -o "src\\funciones.o" "..\\src\\funciones.c" 
gcc -O0 -g3 -Wall -c -fmessage-length=0 -o "src\\TP_[1].o" "..\\src\\TP_[1].c" 
gcc -o TP_[1].exe "src\\TP_[1].o" "src\\funciones.o" "src\\menu.o" 
Info: Nothing to build for TP_[1]
21:56:51 **** Incremental Build of configuration Debug for project TP_[1] ****
Info: Internal Builder is used for build
gcc -O0 -g3 -Wall -c -fmessage-length=0 -o "src\\TP_[1].o" "..\\src\\TP_[1].c" 
gcc -o TP_[1].exe "src\\TP_[1].o" "src\\funciones.o" "src\\menu.o" 
Info: Nothing to build for TP_[1]
22:00:11 **** Incremental Build of configuration Debug for project TP_[1] ****
Info: Internal Builder is used for build
gcc -O0 -g3 -Wall -c -fmessage-length=0 -o "src\\TP_[1].o" "..\\src\\TP_[1].c" 
gcc -o TP_[1].exe "src\\TP_[1].o" "src\\funciones.o" "src\\menu.o" 
Info: Nothing to build for TP_[1]
22:01:19 **** Incremental Build of configuration Debug for project TP_[1] ****
Info: Internal Builder is used for build
gcc -O0 -g3 -Wall -c -fmessage-length=0 -o "src\\TP_[1].o" "..\\src\\TP_[1].c" 
gcc -o TP_[1].exe "src\\TP_[1].o" "src\\funciones.o" "src\\menu.o" 
Info: Nothing to build for TP_[1]
22:03:09 **** Incremental Build of configuration Debug for project TP_[1] ****
Info: Internal Builder is used for build
gcc -O0 -g3 -Wall -c -fmessage-length=0 -o "src\\TP_[1].o" "..\\src\\TP_[1].c" 
gcc -o TP_[1].exe "src\\TP_[1].o" "src\\funciones.o" "src\\menu.o" 
Info: Nothing to build for TP_[1]
22:04:17 **** Incremental Build of configuration Debug for project TP_[1] ****
Info: Internal Builder is used for build
gcc -O0 -g3 -Wall -c -fmessage-length=0 -o "src\\TP_[1].o" "..\\src\\TP_[1].c" 
gcc -o TP_[1].exe "src\\TP_[1].o" "src\\funciones.o" "src\\menu.o" 
Info: Nothing to build for TP_[1]
22:05:56 **** Incremental Build of configuration Debug for project TP_[1] ****
Info: Internal Builder is used for build
gcc -O0 -g3 -Wall -c -fmessage-length=0 -o "src\\TP_[1].o" "..\\src\\TP_[1].c" 
..\src\TP_[1].c: In function 'main':
..\src\TP_[1].c:160:88: error: 'banderaCalculos' undeclared (first use in this function)
    if(banderaKilometros==0 && banderaPrecioAerolineas ==0 && banderaPrecioLatam ==0 && banderaCalculos==0)
                                                                                        ^~~~~~~~~~~~~~~
..\src\TP_[1].c:160:88: note: each undeclared identifier is reported only once for each function it appears in
22:06:00 **** Incremental Build of configuration Debug for project TP_[1] ****
Info: Internal Builder is used for build
gcc -O0 -g3 -Wall -c -fmessage-length=0 -o "src\\TP_[1].o" "..\\src\\TP_[1].c" 
..\src\TP_[1].c: In function 'main':
..\src\TP_[1].c:160:88: error: 'banderaCalculos' undeclared (first use in this function)
    if(banderaKilometros==0 && banderaPrecioAerolineas ==0 && banderaPrecioLatam ==0 && banderaCalculos==0)
                                                                                        ^~~~~~~~~~~~~~~
..\src\TP_[1].c:160:88: note: each undeclared identifier is reported only once for each function it appears in
22:06:21 **** Incremental Build of configuration Debug for project TP_[1] ****
Info: Internal Builder is used for build
gcc -O0 -g3 -Wall -c -fmessage-length=0 -o "src\\TP_[1].o" "..\\src\\TP_[1].c" 
gcc -o TP_[1].exe "src\\TP_[1].o" "src\\funciones.o" "src\\menu.o" 
Info: Nothing to build for TP_[1]
Info: Nothing to build for TP_[1]
22:07:52 **** Incremental Build of configuration Debug for project TP_[1] ****
Info: Internal Builder is used for build
gcc -O0 -g3 -Wall -c -fmessage-length=0 -o "src\\TP_[1].o" "..\\src\\TP_[1].c" 
gcc -o TP_[1].exe "src\\TP_[1].o" "src\\funciones.o" "src\\menu.o" 
Info: Nothing to build for TP_[1]
22:09:12 **** Incremental Build of configuration Debug for project TP_[1] ****
Info: Internal Builder is used for build
gcc -O0 -g3 -Wall -c -fmessage-length=0 -o "src\\TP_[1].o" "..\\src\\TP_[1].c" 
gcc -o TP_[1].exe "src\\TP_[1].o" "src\\funciones.o" "src\\menu.o" 
